  [1m[35m (1.0ms)[0m  [1m[35mCREATE TABLE "schema_migrations" ("version" varchar NOT NULL PRIMARY KEY)[0m
  [1m[35m (0.8ms)[0m  [1m[35mCREATE TABLE "ar_internal_metadata" ("key" varchar NOT NULL PRIMARY KEY, "value" varchar, "created_at" datetime NOT NULL, "updated_at" datetime NOT NULL)[0m
  [1m[36mActiveRecord::SchemaMigration Load (0.1ms)[0m  [1m[34mSELECT "schema_migrations".* FROM "schema_migrations"[0m
Migrating to CreateProducts (20161012182755)
  [1m[35m (0.0ms)[0m  [1m[36mbegin transaction[0m
  [1m[35m (0.5ms)[0m  [1m[35mCREATE TABLE "products" ("id" INTEGER PRIMARY KEY AUTOINCREMENT NOT NULL, "name" varchar, "price" decimal, "created_at" datetime NOT NULL, "updated_at" datetime NOT NULL)[0m
  [1m[35mSQL (0.1ms)[0m  [1m[32mINSERT INTO "schema_migrations" ("version") VALUES (?)[0m  [["version", "20161012182755"]]
  [1m[35m (0.7ms)[0m  [1m[36mcommit transaction[0m
Migrating to CreateCategories (20161012192633)
  [1m[35m (0.0ms)[0m  [1m[36mbegin transaction[0m
  [1m[35m (0.3ms)[0m  [1m[35mCREATE TABLE "categories" ("id" INTEGER PRIMARY KEY AUTOINCREMENT NOT NULL, "name" varchar, "created_at" datetime NOT NULL, "updated_at" datetime NOT NULL)[0m
  [1m[35mSQL (0.1ms)[0m  [1m[32mINSERT INTO "schema_migrations" ("version") VALUES (?)[0m  [["version", "20161012192633"]]
  [1m[35m (0.6ms)[0m  [1m[36mcommit transaction[0m
Migrating to CreateJoinTableCategoriesProducts (20161012235104)
  [1m[35m (0.0ms)[0m  [1m[36mbegin transaction[0m
  [1m[35m (1.1ms)[0m  [1m[35mCREATE TABLE "categories_products" ("category_id" integer NOT NULL, "product_id" integer NOT NULL)[0m
  [1m[35m (0.1ms)[0m  [1m[34mselect sqlite_version(*)[0m
  [1m[35m (0.1ms)[0m  [1m[35mCREATE  INDEX "index_categories_products_on_category_id_and_product_id" ON "categories_products" ("category_id", "product_id")[0m
  [1m[35m (0.1ms)[0m  [1m[34m            SELECT sql
            FROM sqlite_master
            WHERE name='index_categories_products_on_category_id_and_product_id' AND type='index'
            UNION ALL
            SELECT sql
            FROM sqlite_temp_master
            WHERE name='index_categories_products_on_category_id_and_product_id' AND type='index'
[0m
  [1m[35m (0.1ms)[0m  [1m[35mCREATE  INDEX "index_categories_products_on_product_id_and_category_id" ON "categories_products" ("product_id", "category_id")[0m
  [1m[35mSQL (0.1ms)[0m  [1m[32mINSERT INTO "schema_migrations" ("version") VALUES (?)[0m  [["version", "20161012235104"]]
  [1m[35m (0.6ms)[0m  [1m[36mcommit transaction[0m
  [1m[36mActiveRecord::InternalMetadata Load (0.1ms)[0m  [1m[34mSELECT  "ar_internal_metadata".* FROM "ar_internal_metadata" WHERE "ar_internal_metadata"."key" = ? LIMIT ?[0m  [["key", :environment], ["LIMIT", 1]]
  [1m[35m (0.0ms)[0m  [1m[36mbegin transaction[0m
  [1m[35mSQL (0.3ms)[0m  [1m[32mINSERT INTO "ar_internal_metadata" ("key", "value", "created_at", "updated_at") VALUES (?, ?, ?, ?)[0m  [["key", "environment"], ["value", "development"], ["created_at", 2018-04-30 01:39:06 UTC], ["updated_at", 2018-04-30 01:39:06 UTC]]
  [1m[35m (0.6ms)[0m  [1m[36mcommit transaction[0m
  [1m[36mActiveRecord::SchemaMigration Load (0.1ms)[0m  [1m[34mSELECT "schema_migrations".* FROM "schema_migrations"[0m
  [1m[35m (0.1ms)[0m  [1m[34m            SELECT sql
            FROM sqlite_master
            WHERE name='index_categories_products_on_product_id_and_category_id' AND type='index'
            UNION ALL
            SELECT sql
            FROM sqlite_temp_master
            WHERE name='index_categories_products_on_product_id_and_category_id' AND type='index'
[0m
  [1m[35m (0.1ms)[0m  [1m[34m            SELECT sql
            FROM sqlite_master
            WHERE name='index_categories_products_on_category_id_and_product_id' AND type='index'
            UNION ALL
            SELECT sql
            FROM sqlite_temp_master
            WHERE name='index_categories_products_on_category_id_and_product_id' AND type='index'
[0m
  [1m[36mActiveRecord::SchemaMigration Load (0.1ms)[0m  [1m[34mSELECT "schema_migrations".* FROM "schema_migrations"[0m
Started GET "/" for ::1 at 2018-04-29 20:39:31 -0500
  [1m[36mActiveRecord::SchemaMigration Load (0.1ms)[0m  [1m[34mSELECT "schema_migrations".* FROM "schema_migrations"[0m
Processing by ProductsController#index as HTML
  Rendering products/index.html.erb within layouts/application
  [1m[36mProduct Load (0.2ms)[0m  [1m[34mSELECT "products".* FROM "products"[0m
  Rendered products/index.html.erb within layouts/application (6.1ms)
Completed 200 OK in 3274ms (Views: 3253.0ms | ActiveRecord: 0.4ms)


Started GET "/products/new" for ::1 at 2018-04-29 20:39:37 -0500
Processing by ProductsController#new as HTML
  Rendering products/new.html.erb within layouts/application
  [1m[36mCategory Load (0.6ms)[0m  [1m[34mSELECT "categories".* FROM "categories"[0m
  Rendered products/_form.html.erb (19.5ms)
  Rendered products/new.html.erb within layouts/application (21.9ms)
Completed 200 OK in 92ms (Views: 74.1ms | ActiveRecord: 1.2ms)


Started POST "/products" for ::1 at 2018-04-29 20:39:44 -0500
Processing by ProductsController#create as HTML
  Parameters: {"utf8"=>"✓", "authenticity_token"=>"Vw0C2fXdKZrCyHBHky1EOwD1xqMh6vgZku62zctst07v4xL2AG6Sit3yeZ9TOnjLCr1aLBHfrrwa76/XEisYkA==", "product"=>{"name"=>"asdas", "price"=>"123123"}, "commit"=>"Publicar Producto"}
  [1m[35m (0.3ms)[0m  [1m[36mbegin transaction[0m
  [1m[35mSQL (1.0ms)[0m  [1m[32mINSERT INTO "products" ("name", "price", "created_at", "updated_at") VALUES (?, ?, ?, ?)[0m  [["name", "asdas"], ["price", #<BigDecimal:7f9dce6ae078,'0.123123E6',9(18)>], ["created_at", 2018-04-30 01:39:44 UTC], ["updated_at", 2018-04-30 01:39:44 UTC]]
  [1m[35m (0.7ms)[0m  [1m[36mcommit transaction[0m
Redirected to http://localhost:3000/products
Completed 302 Found in 9ms (ActiveRecord: 2.0ms)


Started GET "/products" for ::1 at 2018-04-29 20:39:44 -0500
Processing by ProductsController#index as HTML
  Rendering products/index.html.erb within layouts/application
  [1m[36mProduct Load (0.7ms)[0m  [1m[34mSELECT "products".* FROM "products"[0m
  [1m[35m (0.4ms)[0m  [1m[34mSELECT "categories"."name" FROM "categories" INNER JOIN "categories_products" ON "categories"."id" = "categories_products"."category_id" WHERE "categories_products"."product_id" = ?[0m  [["product_id", 1]]
  Rendered products/index.html.erb within layouts/application (40.5ms)
Completed 200 OK in 91ms (Views: 87.1ms | ActiveRecord: 1.6ms)


Started GET "/products/1/edit" for ::1 at 2018-04-29 20:39:47 -0500
Processing by ProductsController#edit as HTML
  Parameters: {"id"=>"1"}
  [1m[36mProduct Load (0.3ms)[0m  [1m[34mSELECT  "products".* FROM "products" WHERE "products"."id" = ? LIMIT ?[0m  [["id", 1], ["LIMIT", 1]]
  [1m[36mCACHE (0.0ms)[0m  [1m[34mSELECT  "products".* FROM "products" WHERE "products"."id" = ? LIMIT ?[0m  [["id", 1], ["LIMIT", 1]]
  Rendering products/edit.html.erb within layouts/application
  [1m[36mCategory Load (0.4ms)[0m  [1m[34mSELECT "categories".* FROM "categories"[0m
  Rendered products/_form.html.erb (2.7ms)
  Rendered products/edit.html.erb within layouts/application (5.1ms)
Completed 200 OK in 57ms (Views: 50.3ms | ActiveRecord: 0.7ms)


Started PATCH "/products/1" for ::1 at 2018-04-29 20:39:49 -0500
Processing by ProductsController#update as HTML
  Parameters: {"utf8"=>"✓", "authenticity_token"=>"S6Lul4Qcxo12NBNK4WfLmAgVB9jM7Rr3Qm5YTYRyZ+sReDQcLVPuutFs8xFBpxm5kdFyCs61EheW2PEEBmXHLQ==", "product"=>{"name"=>"asdas", "price"=>"123123.0"}, "commit"=>"Modificar Producto", "id"=>"1"}
  [1m[36mProduct Load (0.2ms)[0m  [1m[34mSELECT  "products".* FROM "products" WHERE "products"."id" = ? LIMIT ?[0m  [["id", 1], ["LIMIT", 1]]
  [1m[36mCACHE (0.0ms)[0m  [1m[34mSELECT  "products".* FROM "products" WHERE "products"."id" = ? LIMIT ?[0m  [["id", 1], ["LIMIT", 1]]
  [1m[35m (0.0ms)[0m  [1m[36mbegin transaction[0m
  [1m[35m (0.0ms)[0m  [1m[36mcommit transaction[0m
Redirected to http://localhost:3000/products
Completed 302 Found in 3ms (ActiveRecord: 0.3ms)


Started GET "/products" for ::1 at 2018-04-29 20:39:49 -0500
Processing by ProductsController#index as HTML
  Rendering products/index.html.erb within layouts/application
  [1m[36mProduct Load (0.1ms)[0m  [1m[34mSELECT "products".* FROM "products"[0m
  [1m[35m (0.1ms)[0m  [1m[34mSELECT "categories"."name" FROM "categories" INNER JOIN "categories_products" ON "categories"."id" = "categories_products"."category_id" WHERE "categories_products"."product_id" = ?[0m  [["product_id", 1]]
  Rendered products/index.html.erb within layouts/application (2.9ms)
Completed 200 OK in 61ms (Views: 59.5ms | ActiveRecord: 0.2ms)


Started GET "/products/1/edit" for ::1 at 2018-04-29 20:39:58 -0500
Processing by ProductsController#edit as HTML
  Parameters: {"id"=>"1"}
  [1m[36mProduct Load (0.2ms)[0m  [1m[34mSELECT  "products".* FROM "products" WHERE "products"."id" = ? LIMIT ?[0m  [["id", 1], ["LIMIT", 1]]
  [1m[36mCACHE (0.0ms)[0m  [1m[34mSELECT  "products".* FROM "products" WHERE "products"."id" = ? LIMIT ?[0m  [["id", 1], ["LIMIT", 1]]
  Rendering products/edit.html.erb within layouts/application
  [1m[36mCategory Load (0.1ms)[0m  [1m[34mSELECT "categories".* FROM "categories"[0m
  Rendered products/_form.html.erb (2.9ms)
  Rendered products/edit.html.erb within layouts/application (4.7ms)
Completed 200 OK in 65ms (Views: 62.1ms | ActiveRecord: 0.3ms)


Started PATCH "/products/1" for ::1 at 2018-04-29 20:39:59 -0500
Processing by ProductsController#update as HTML
  Parameters: {"utf8"=>"✓", "authenticity_token"=>"UL6AOhde8umZsS9wcrBwADbnqVbspm0aNk94fyJQz4oKZFqxvhHa3j7pzyvScKIhryPchO7+Zfri+dE2oEdvTA==", "product"=>{"name"=>"asdas", "price"=>"123123.0"}, "commit"=>"Modificar Producto", "id"=>"1"}
  [1m[36mProduct Load (0.1ms)[0m  [1m[34mSELECT  "products".* FROM "products" WHERE "products"."id" = ? LIMIT ?[0m  [["id", 1], ["LIMIT", 1]]
  [1m[36mCACHE (0.0ms)[0m  [1m[34mSELECT  "products".* FROM "products" WHERE "products"."id" = ? LIMIT ?[0m  [["id", 1], ["LIMIT", 1]]
  [1m[35m (0.1ms)[0m  [1m[36mbegin transaction[0m
  [1m[35m (0.0ms)[0m  [1m[36mcommit transaction[0m
Redirected to http://localhost:3000/products
Completed 302 Found in 4ms (ActiveRecord: 0.2ms)


Started GET "/products" for ::1 at 2018-04-29 20:39:59 -0500
Processing by ProductsController#index as HTML
  Rendering products/index.html.erb within layouts/application
  [1m[36mProduct Load (0.3ms)[0m  [1m[34mSELECT "products".* FROM "products"[0m
  [1m[35m (0.3ms)[0m  [1m[34mSELECT "categories"."name" FROM "categories" INNER JOIN "categories_products" ON "categories"."id" = "categories_products"."category_id" WHERE "categories_products"."product_id" = ?[0m  [["product_id", 1]]
  Rendered products/index.html.erb within layouts/application (3.7ms)
Completed 200 OK in 62ms (Views: 58.3ms | ActiveRecord: 0.6ms)


